<?xml version="1.0" encoding="UTF-8"?>
<testsuite name="com.geolib.tests.PointTest" tests="5" skipped="0" failures="0" errors="0" timestamp="2022-06-02T19:08:45" hostname="MBP-natan.Home" time="0.004">
  <properties/>
  <testcase name="Wraps longitude to 180 if its greater than 180" classname="com.geolib.tests.PointTest" time="0.001"/>
  <testcase name="Throws exception if latitude lower than -90" classname="com.geolib.tests.PointTest" time="0.001"/>
  <testcase name="Throws exception if latitude greater than 90" classname="com.geolib.tests.PointTest" time="0.0"/>
  <testcase name="New Point instance returns the right properties" classname="com.geolib.tests.PointTest" time="0.0"/>
  <testcase name="Throws exception if longitude lower than -90" classname="com.geolib.tests.PointTest" time="0.0"/>
  <system-out><![CDATA[]]></system-out>
  <system-err><![CDATA[]]></system-err>
</testsuite>
